<?xml version="1.0" encoding="UTF-8"?>
<testsuite xmlns:xsi="http://www.w3.org/2001/XMLSchema-instance" xsi:noNamespaceSchemaLocation="https://maven.apache.org/surefire/maven-surefire-plugin/xsd/surefire-test-report-3.0.xsd" version="3.0" name="kr.co.syslog.capture.SyslogCaptureApplicationTests" time="4.351" tests="1" errors="0" skipped="0" failures="0">
  <properties>
[...]
</properties>
  <testcase name="contextLoads" classname="kr.co.syslog.capture.SyslogCaptureApplicationTests" time="1.458">
    <system-out><![CDATA[10:56:25.576 [main] INFO org.springframework.test.context.support.AnnotationConfigContextLoaderUtils -- Could not detect default configuration classes for test class [kr.co.syslog.capture.SyslogCaptureApplicationTests]: SyslogCaptureApplicationTests does not declare any static, non-private, non-final, nested classes annotated with @Configuration.
10:56:25.717 [main] INFO org.springframework.boot.test.context.SpringBootTestContextBootstrapper -- Found @SpringBootConfiguration kr.co.syslog.capture.SyslogCaptureApplication for test class kr.co.syslog.capture.SyslogCaptureApplicationTests

  .   ____          _            __ _ _
 /\\ / ___'_ __ _ _(_)_ __  __ _ \ \ \ \
( ( )\___ | '_ | '_| | '_ \/ _` | \ \ \ \
 \\/  ___)| |_)| | | | | || (_| |  ) ) ) )
  '  |____| .__|_| |_|_| |_\__, | / / / /
 =========|_|==============|___/=/_/_/_/

 :: Spring Boot ::                (v3.3.1)

2024-07-08T10:56:26.425+09:00  INFO 4444 --- [           main] k.c.s.c.SyslogCaptureApplicationTests    : Starting SyslogCaptureApplicationTests using Java 18.0.2 with PID 4444 (started by lg in E:\인턴\프로젝트 코드\GW layer\syslog capture code\Version 7)
2024-07-08T10:56:26.429+09:00  INFO 4444 --- [           main] k.c.s.c.SyslogCaptureApplicationTests    : No active profile set, falling back to 1 default profile: "default"
2024-07-08T10:56:28.194+09:00  INFO 4444 --- [           main] k.c.s.c.SyslogCaptureApplicationTests    : Started SyslogCaptureApplicationTests in 2.194 seconds (process running for 3.847)
]]></system-out>
  </testcase>
</testsuite>